<?xml version="1.0" encoding="UTF-8"?>
<!-- Generated by org.testng.reporters.JUnitReportReporter -->
<testsuite skipped="0" hostname="DESKTOP-EFCAI7I" name="com.salesforce.testcases.LoginTestCase" tests="1" failures="0" timestamp="2020-07-02T11:59:19 IST" time="12.572" errors="0">
  <testcase name="loginAppl" time="12.572" classname="com.salesforce.testcases.LoginTestCase"/>
  <system-out/>
</testsuite> <!-- com.salesforce.testcases.LoginTestCase -->
